{"/Users/joshuaclark/dev/stockdown/app/Home.js": {"path":"/Users/joshuaclark/dev/stockdown/app/Home.js","statementMap":{"0":{"start":{"line":16,"column":10},"end":{"line":18,"column":3}},"1":{"start":{"line":21,"column":20},"end":{"line":21,"column":38}},"2":{"start":{"line":22,"column":4},"end":{"line":33,"column":6}},"3":{"start":{"line":25,"column":24},"end":{"line":25,"column":54}},"4":{"start":{"line":37,"column":0},"end":{"line":37,"column":50}},"5":{"start":{"line":37,"column":44},"end":{"line":37,"column":48}}},"fnMap":{"0":{"name":"(anonymous_0)","decl":{"start":{"line":20,"column":2},"end":{"line":20,"column":3}},"loc":{"start":{"line":20,"column":11},"end":{"line":34,"column":3}},"line":20},"1":{"name":"(anonymous_1)","decl":{"start":{"line":25,"column":16},"end":{"line":25,"column":17}},"loc":{"start":{"line":25,"column":24},"end":{"line":25,"column":54}},"line":25},"2":{"name":"(anonymous_2)","decl":{"start":{"line":37,"column":38},"end":{"line":37,"column":39}},"loc":{"start":{"line":37,"column":44},"end":{"line":37,"column":48}},"line":37}},"branchMap":{},"s":{"0":6,"1":7,"2":7,"3":1,"4":1,"5":0},"f":{"0":7,"1":1,"2":0},"b":{},"_coverageSchema":"43e27e138ebf9cfc5966b082cf9a028302ed4184","hash":"0a86ee631883b208ff3670eb79e4bc8ba26f1a19"}
,"/Users/joshuaclark/dev/stockdown/app/components/index.js": {"path":"/Users/joshuaclark/dev/stockdown/app/components/index.js","statementMap":{},"fnMap":{},"branchMap":{},"s":{},"f":{},"b":{},"_coverageSchema":"43e27e138ebf9cfc5966b082cf9a028302ed4184","hash":"2f2bfedb6d2901a24f3bc0f48bd5978b56aa527a"}
,"/Users/joshuaclark/dev/stockdown/app/components/AisleHeader/AisleHeader.js": {"path":"/Users/joshuaclark/dev/stockdown/app/components/AisleHeader/AisleHeader.js","statementMap":{"0":{"start":{"line":11,"column":4},"end":{"line":19,"column":6}}},"fnMap":{"0":{"name":"(anonymous_0)","decl":{"start":{"line":10,"column":2},"end":{"line":10,"column":3}},"loc":{"start":{"line":10,"column":11},"end":{"line":20,"column":3}},"line":10}},"branchMap":{},"s":{"0":1},"f":{"0":1},"b":{},"_coverageSchema":"43e27e138ebf9cfc5966b082cf9a028302ed4184","hash":"27441f67fa4aa9526b456b5b906b31a0dd653ecd"}
,"/Users/joshuaclark/dev/stockdown/app/components/AisleHeader/index.js": {"path":"/Users/joshuaclark/dev/stockdown/app/components/AisleHeader/index.js","statementMap":{},"fnMap":{},"branchMap":{},"s":{},"f":{},"b":{},"_coverageSchema":"43e27e138ebf9cfc5966b082cf9a028302ed4184","hash":"965a26a2fc0d0bf7b6766b6ede21b6c50b439f75"}
,"/Users/joshuaclark/dev/stockdown/app/components/AisleHeader/styles.js": {"path":"/Users/joshuaclark/dev/stockdown/app/components/AisleHeader/styles.js","statementMap":{"0":{"start":{"line":3,"column":15},"end":{"line":46,"column":2}}},"fnMap":{},"branchMap":{},"s":{"0":2},"f":{},"b":{},"_coverageSchema":"43e27e138ebf9cfc5966b082cf9a028302ed4184","hash":"ab2631e9abee68dfc70e2a2291a6d7ba5a9366e0"}
,"/Users/joshuaclark/dev/stockdown/app/components/Barcodes/Barcodes.js": {"path":"/Users/joshuaclark/dev/stockdown/app/components/Barcodes/Barcodes.js","statementMap":{"0":{"start":{"line":6,"column":11},"end":{"line":6,"column":44}},"1":{"start":{"line":9,"column":10},"end":{"line":12,"column":3}},"2":{"start":{"line":14,"column":8},"end":{"line":29,"column":3}},"3":{"start":{"line":15,"column":4},"end":{"line":17,"column":5}},"4":{"start":{"line":16,"column":6},"end":{"line":16,"column":19}},"5":{"start":{"line":19,"column":4},"end":{"line":28,"column":6}},"6":{"start":{"line":21,"column":8},"end":{"line":21,"column":73}},"7":{"start":{"line":22,"column":8},"end":{"line":24,"column":10}},"8":{"start":{"line":23,"column":10},"end":{"line":23,"column":49}},"9":{"start":{"line":32,"column":11},"end":{"line":35,"column":3}},"10":{"start":{"line":33,"column":4},"end":{"line":33,"column":43}},"11":{"start":{"line":34,"column":4},"end":{"line":34,"column":52}},"12":{"start":{"line":37,"column":16},"end":{"line":39,"column":3}},"13":{"start":{"line":38,"column":4},"end":{"line":38,"column":20}},"14":{"start":{"line":42,"column":4},"end":{"line":46,"column":7}},"15":{"start":{"line":43,"column":6},"end":{"line":45,"column":8}},"16":{"start":{"line":50,"column":4},"end":{"line":53,"column":5}},"17":{"start":{"line":51,"column":6},"end":{"line":51,"column":38}},"18":{"start":{"line":52,"column":6},"end":{"line":52,"column":63}},"19":{"start":{"line":56,"column":19},"end":{"line":62,"column":3}},"20":{"start":{"line":57,"column":6},"end":{"line":61,"column":13}},"21":{"start":{"line":66,"column":4},"end":{"line":72,"column":6}},"22":{"start":{"line":68,"column":8},"end":{"line":68,"column":50}},"23":{"start":{"line":71,"column":14},"end":{"line":71,"column":45}},"24":{"start":{"line":73,"column":4},"end":{"line":73,"column":37}},"25":{"start":{"line":76,"column":11},"end":{"line":90,"column":3}},"26":{"start":{"line":77,"column":4},"end":{"line":87,"column":7}},"27":{"start":{"line":78,"column":6},"end":{"line":86,"column":8}},"28":{"start":{"line":82,"column":10},"end":{"line":82,"column":52}},"29":{"start":{"line":83,"column":10},"end":{"line":83,"column":52}},"30":{"start":{"line":89,"column":4},"end":{"line":89,"column":67}},"31":{"start":{"line":92,"column":16},"end":{"line":94,"column":3}},"32":{"start":{"line":93,"column":4},"end":{"line":93,"column":19}},"33":{"start":{"line":97,"column":25},"end":{"line":97,"column":35}},"34":{"start":{"line":98,"column":4},"end":{"line":119,"column":6}},"35":{"start":{"line":110,"column":14},"end":{"line":110,"column":34}},"36":{"start":{"line":114,"column":43},"end":{"line":114,"column":59}}},"fnMap":{"0":{"name":"(anonymous_0)","decl":{"start":{"line":14,"column":8},"end":{"line":14,"column":9}},"loc":{"start":{"line":14,"column":18},"end":{"line":29,"column":3}},"line":14},"1":{"name":"(anonymous_1)","decl":{"start":{"line":20,"column":6},"end":{"line":20,"column":7}},"loc":{"start":{"line":20,"column":12},"end":{"line":25,"column":7}},"line":20},"2":{"name":"(anonymous_2)","decl":{"start":{"line":22,"column":52},"end":{"line":22,"column":53}},"loc":{"start":{"line":23,"column":10},"end":{"line":23,"column":49}},"line":23},"3":{"name":"(anonymous_3)","decl":{"start":{"line":32,"column":11},"end":{"line":32,"column":12}},"loc":{"start":{"line":32,"column":17},"end":{"line":35,"column":3}},"line":32},"4":{"name":"(anonymous_4)","decl":{"start":{"line":37,"column":16},"end":{"line":37,"column":17}},"loc":{"start":{"line":37,"column":23},"end":{"line":39,"column":3}},"line":37},"5":{"name":"(anonymous_5)","decl":{"start":{"line":41,"column":2},"end":{"line":41,"column":3}},"loc":{"start":{"line":41,"column":22},"end":{"line":47,"column":3}},"line":41},"6":{"name":"(anonymous_6)","decl":{"start":{"line":42,"column":19},"end":{"line":42,"column":20}},"loc":{"start":{"line":42,"column":25},"end":{"line":46,"column":5}},"line":42},"7":{"name":"(anonymous_7)","decl":{"start":{"line":49,"column":2},"end":{"line":49,"column":3}},"loc":{"start":{"line":49,"column":23},"end":{"line":54,"column":3}},"line":49},"8":{"name":"(anonymous_8)","decl":{"start":{"line":56,"column":19},"end":{"line":56,"column":20}},"loc":{"start":{"line":57,"column":6},"end":{"line":61,"column":13}},"line":57},"9":{"name":"(anonymous_9)","decl":{"start":{"line":65,"column":2},"end":{"line":65,"column":3}},"loc":{"start":{"line":65,"column":13},"end":{"line":74,"column":3}},"line":65},"10":{"name":"(anonymous_10)","decl":{"start":{"line":67,"column":6},"end":{"line":67,"column":7}},"loc":{"start":{"line":67,"column":12},"end":{"line":69,"column":9}},"line":67},"11":{"name":"(anonymous_11)","decl":{"start":{"line":71,"column":8},"end":{"line":71,"column":9}},"loc":{"start":{"line":71,"column":14},"end":{"line":71,"column":45}},"line":71},"12":{"name":"(anonymous_12)","decl":{"start":{"line":76,"column":11},"end":{"line":76,"column":12}},"loc":{"start":{"line":76,"column":17},"end":{"line":90,"column":3}},"line":76},"13":{"name":"(anonymous_13)","decl":{"start":{"line":77,"column":19},"end":{"line":77,"column":20}},"loc":{"start":{"line":77,"column":25},"end":{"line":87,"column":5}},"line":77},"14":{"name":"(anonymous_14)","decl":{"start":{"line":81,"column":8},"end":{"line":81,"column":9}},"loc":{"start":{"line":81,"column":20},"end":{"line":84,"column":9}},"line":81},"15":{"name":"(anonymous_15)","decl":{"start":{"line":92,"column":16},"end":{"line":92,"column":17}},"loc":{"start":{"line":92,"column":23},"end":{"line":94,"column":3}},"line":92},"16":{"name":"(anonymous_16)","decl":{"start":{"line":96,"column":2},"end":{"line":96,"column":3}},"loc":{"start":{"line":96,"column":11},"end":{"line":120,"column":3}},"line":96},"17":{"name":"(anonymous_17)","decl":{"start":{"line":109,"column":17},"end":{"line":109,"column":18}},"loc":{"start":{"line":109,"column":24},"end":{"line":111,"column":13}},"line":109},"18":{"name":"(anonymous_18)","decl":{"start":{"line":114,"column":26},"end":{"line":114,"column":27}},"loc":{"start":{"line":114,"column":43},"end":{"line":114,"column":59}},"line":114}},"branchMap":{"0":{"loc":{"start":{"line":15,"column":4},"end":{"line":17,"column":5}},"type":"if","locations":[{"start":{"line":15,"column":4},"end":{"line":17,"column":5}},{"start":{"line":15,"column":4},"end":{"line":17,"column":5}}],"line":15},"1":{"loc":{"start":{"line":34,"column":4},"end":{"line":34,"column":51}},"type":"binary-expr","locations":[{"start":{"line":34,"column":4},"end":{"line":34,"column":21}},{"start":{"line":34,"column":25},"end":{"line":34,"column":51}}],"line":34},"2":{"loc":{"start":{"line":50,"column":4},"end":{"line":53,"column":5}},"type":"if","locations":[{"start":{"line":50,"column":4},"end":{"line":53,"column":5}},{"start":{"line":50,"column":4},"end":{"line":53,"column":5}}],"line":50},"3":{"loc":{"start":{"line":89,"column":4},"end":{"line":89,"column":66}},"type":"binary-expr","locations":[{"start":{"line":89,"column":4},"end":{"line":89,"column":17}},{"start":{"line":89,"column":21},"end":{"line":89,"column":66}}],"line":89}},"s":{"0":2,"1":1,"2":1,"3":0,"4":0,"5":0,"6":0,"7":0,"8":0,"9":1,"10":0,"11":0,"12":1,"13":0,"14":1,"15":0,"16":0,"17":0,"18":0,"19":1,"20":0,"21":0,"22":0,"23":0,"24":0,"25":1,"26":0,"27":0,"28":0,"29":0,"30":0,"31":1,"32":0,"33":1,"34":1,"35":1,"36":0},"f":{"0":0,"1":0,"2":0,"3":0,"4":0,"5":1,"6":0,"7":0,"8":0,"9":0,"10":0,"11":0,"12":0,"13":0,"14":0,"15":0,"16":1,"17":1,"18":0},"b":{"0":[0,0],"1":[0,0],"2":[0,0],"3":[0,0]},"_coverageSchema":"43e27e138ebf9cfc5966b082cf9a028302ed4184","hash":"187ba392625d4b9ba9b28b003d48ab7caffd2a1d"}
,"/Users/joshuaclark/dev/stockdown/app/components/Barcodes/index.js": {"path":"/Users/joshuaclark/dev/stockdown/app/components/Barcodes/index.js","statementMap":{},"fnMap":{},"branchMap":{},"s":{},"f":{},"b":{},"_coverageSchema":"43e27e138ebf9cfc5966b082cf9a028302ed4184","hash":"bc3ece99b3563e4e5e71445edb62fcf245ce4919"}
,"/Users/joshuaclark/dev/stockdown/app/components/Barcodes/styles.js": {"path":"/Users/joshuaclark/dev/stockdown/app/components/Barcodes/styles.js","statementMap":{"0":{"start":{"line":3,"column":15},"end":{"line":46,"column":2}}},"fnMap":{},"branchMap":{},"s":{"0":2},"f":{},"b":{},"_coverageSchema":"43e27e138ebf9cfc5966b082cf9a028302ed4184","hash":"0590fde3f942f1351e5ddfead36c6b2f3778ed5b"}
,"/Users/joshuaclark/dev/stockdown/app/components/Camera/Camera.js": {"path":"/Users/joshuaclark/dev/stockdown/app/components/Camera/Camera.js","statementMap":{"0":{"start":{"line":10,"column":10},"end":{"line":18,"column":3}},"1":{"start":{"line":21,"column":4},"end":{"line":21,"column":17}},"2":{"start":{"line":22,"column":4},"end":{"line":22,"column":36}},"3":{"start":{"line":29,"column":4},"end":{"line":29,"column":38}},"4":{"start":{"line":32,"column":21},"end":{"line":36,"column":3}},"5":{"start":{"line":33,"column":4},"end":{"line":35,"column":11}},"6":{"start":{"line":34,"column":48},"end":{"line":34,"column":79}},"7":{"start":{"line":38,"column":20},"end":{"line":59,"column":3}},"8":{"start":{"line":39,"column":4},"end":{"line":58,"column":21}},"9":{"start":{"line":55,"column":23},"end":{"line":55,"column":59}},"10":{"start":{"line":61,"column":19},"end":{"line":71,"column":3}},"11":{"start":{"line":62,"column":4},"end":{"line":70,"column":11}},"12":{"start":{"line":69,"column":44},"end":{"line":69,"column":71}},"13":{"start":{"line":73,"column":18},"end":{"line":98,"column":3}},"14":{"start":{"line":74,"column":4},"end":{"line":97,"column":21}},"15":{"start":{"line":91,"column":20},"end":{"line":91,"column":38}},"16":{"start":{"line":92,"column":10},"end":{"line":92,"column":47}},"17":{"start":{"line":100,"column":23},"end":{"line":120,"column":3}},"18":{"start":{"line":101,"column":4},"end":{"line":119,"column":11}},"19":{"start":{"line":123,"column":46},"end":{"line":123,"column":56}},"20":{"start":{"line":124,"column":4},"end":{"line":138,"column":6}},"21":{"start":{"line":141,"column":22},"end":{"line":153,"column":3}},"22":{"start":{"line":142,"column":4},"end":{"line":145,"column":7}},"23":{"start":{"line":146,"column":4},"end":{"line":149,"column":6}},"24":{"start":{"line":150,"column":4},"end":{"line":152,"column":28}},"25":{"start":{"line":156,"column":22},"end":{"line":156,"column":67}},"26":{"start":{"line":156,"column":40},"end":{"line":156,"column":67}},"27":{"start":{"line":158,"column":19},"end":{"line":161,"column":3}},"28":{"start":{"line":159,"column":27},"end":{"line":159,"column":33}},"29":{"start":{"line":160,"column":4},"end":{"line":160,"column":34}},"30":{"start":{"line":164,"column":19},"end":{"line":173,"column":3}},"31":{"start":{"line":165,"column":4},"end":{"line":167,"column":5}},"32":{"start":{"line":166,"column":6},"end":{"line":166,"column":13}},"33":{"start":{"line":168,"column":24},"end":{"line":168,"column":36}},"34":{"start":{"line":169,"column":4},"end":{"line":169,"column":46}},"35":{"start":{"line":170,"column":14},"end":{"line":170,"column":40}},"36":{"start":{"line":172,"column":4},"end":{"line":172,"column":48}},"37":{"start":{"line":175,"column":16},"end":{"line":175,"column":58}},"38":{"start":{"line":175,"column":23},"end":{"line":175,"column":57}},"39":{"start":{"line":176,"column":17},"end":{"line":176,"column":60}},"40":{"start":{"line":176,"column":24},"end":{"line":176,"column":59}}},"fnMap":{"0":{"name":"(anonymous_0)","decl":{"start":{"line":20,"column":2},"end":{"line":20,"column":3}},"loc":{"start":{"line":20,"column":21},"end":{"line":23,"column":3}},"line":20},"1":{"name":"(anonymous_1)","decl":{"start":{"line":28,"column":2},"end":{"line":28,"column":3}},"loc":{"start":{"line":28,"column":22},"end":{"line":30,"column":3}},"line":28},"2":{"name":"(anonymous_2)","decl":{"start":{"line":32,"column":21},"end":{"line":32,"column":22}},"loc":{"start":{"line":33,"column":4},"end":{"line":35,"column":11}},"line":33},"3":{"name":"(anonymous_3)","decl":{"start":{"line":34,"column":33},"end":{"line":34,"column":34}},"loc":{"start":{"line":34,"column":48},"end":{"line":34,"column":79}},"line":34},"4":{"name":"(anonymous_4)","decl":{"start":{"line":38,"column":20},"end":{"line":38,"column":21}},"loc":{"start":{"line":39,"column":4},"end":{"line":58,"column":21}},"line":39},"5":{"name":"(anonymous_5)","decl":{"start":{"line":55,"column":17},"end":{"line":55,"column":18}},"loc":{"start":{"line":55,"column":23},"end":{"line":55,"column":59}},"line":55},"6":{"name":"(anonymous_6)","decl":{"start":{"line":61,"column":19},"end":{"line":61,"column":20}},"loc":{"start":{"line":62,"column":4},"end":{"line":70,"column":11}},"line":62},"7":{"name":"(anonymous_7)","decl":{"start":{"line":69,"column":31},"end":{"line":69,"column":32}},"loc":{"start":{"line":69,"column":44},"end":{"line":69,"column":71}},"line":69},"8":{"name":"(anonymous_8)","decl":{"start":{"line":73,"column":18},"end":{"line":73,"column":19}},"loc":{"start":{"line":74,"column":4},"end":{"line":97,"column":21}},"line":74},"9":{"name":"(anonymous_9)","decl":{"start":{"line":90,"column":17},"end":{"line":90,"column":18}},"loc":{"start":{"line":90,"column":23},"end":{"line":93,"column":9}},"line":90},"10":{"name":"(anonymous_10)","decl":{"start":{"line":100,"column":23},"end":{"line":100,"column":24}},"loc":{"start":{"line":101,"column":4},"end":{"line":119,"column":11}},"line":101},"11":{"name":"(anonymous_11)","decl":{"start":{"line":122,"column":2},"end":{"line":122,"column":3}},"loc":{"start":{"line":122,"column":12},"end":{"line":139,"column":3}},"line":122},"12":{"name":"(anonymous_12)","decl":{"start":{"line":141,"column":22},"end":{"line":141,"column":23}},"loc":{"start":{"line":141,"column":28},"end":{"line":153,"column":3}},"line":141},"13":{"name":"(anonymous_13)","decl":{"start":{"line":156,"column":22},"end":{"line":156,"column":23}},"loc":{"start":{"line":156,"column":40},"end":{"line":156,"column":67}},"line":156},"14":{"name":"(anonymous_14)","decl":{"start":{"line":158,"column":19},"end":{"line":158,"column":20}},"loc":{"start":{"line":158,"column":29},"end":{"line":161,"column":3}},"line":158},"15":{"name":"(anonymous_15)","decl":{"start":{"line":164,"column":19},"end":{"line":164,"column":20}},"loc":{"start":{"line":164,"column":32},"end":{"line":173,"column":3}},"line":164},"16":{"name":"(anonymous_16)","decl":{"start":{"line":175,"column":16},"end":{"line":175,"column":17}},"loc":{"start":{"line":175,"column":22},"end":{"line":175,"column":58}},"line":175},"17":{"name":"(anonymous_17)","decl":{"start":{"line":176,"column":17},"end":{"line":176,"column":18}},"loc":{"start":{"line":176,"column":23},"end":{"line":176,"column":60}},"line":176}},"branchMap":{"0":{"loc":{"start":{"line":92,"column":10},"end":{"line":92,"column":46}},"type":"cond-expr","locations":[{"start":{"line":92,"column":16},"end":{"line":92,"column":29}},{"start":{"line":92,"column":32},"end":{"line":92,"column":46}}],"line":92},"1":{"loc":{"start":{"line":129,"column":19},"end":{"line":129,"column":61}},"type":"cond-expr","locations":[{"start":{"line":129,"column":35},"end":{"line":129,"column":54}},{"start":{"line":129,"column":57},"end":{"line":129,"column":61}}],"line":129},"2":{"loc":{"start":{"line":131,"column":3},"end":{"line":131,"column":50}},"type":"cond-expr","locations":[{"start":{"line":131,"column":22},"end":{"line":131,"column":44}},{"start":{"line":131,"column":46},"end":{"line":131,"column":50}}],"line":131},"3":{"loc":{"start":{"line":134,"column":7},"end":{"line":134,"column":50}},"type":"binary-expr","locations":[{"start":{"line":134,"column":7},"end":{"line":134,"column":25}},{"start":{"line":134,"column":29},"end":{"line":134,"column":50}}],"line":134},"4":{"loc":{"start":{"line":135,"column":7},"end":{"line":135,"column":49}},"type":"binary-expr","locations":[{"start":{"line":135,"column":7},"end":{"line":135,"column":22}},{"start":{"line":135,"column":26},"end":{"line":135,"column":49}}],"line":135},"5":{"loc":{"start":{"line":136,"column":7},"end":{"line":136,"column":72}},"type":"binary-expr","locations":[{"start":{"line":136,"column":8},"end":{"line":136,"column":42}},{"start":{"line":136,"column":47},"end":{"line":136,"column":72}}],"line":136},"6":{"loc":{"start":{"line":147,"column":6},"end":{"line":148,"column":53}},"type":"cond-expr","locations":[{"start":{"line":148,"column":6},"end":{"line":148,"column":28}},{"start":{"line":148,"column":31},"end":{"line":148,"column":53}}],"line":147},"7":{"loc":{"start":{"line":150,"column":4},"end":{"line":152,"column":27}},"type":"cond-expr","locations":[{"start":{"line":151,"column":8},"end":{"line":151,"column":26}},{"start":{"line":152,"column":8},"end":{"line":152,"column":27}}],"line":150},"8":{"loc":{"start":{"line":165,"column":4},"end":{"line":167,"column":5}},"type":"if","locations":[{"start":{"line":165,"column":4},"end":{"line":167,"column":5}},{"start":{"line":165,"column":4},"end":{"line":167,"column":5}}],"line":165},"9":{"loc":{"start":{"line":172,"column":4},"end":{"line":172,"column":47}},"type":"cond-expr","locations":[{"start":{"line":172,"column":10},"end":{"line":172,"column":23}},{"start":{"line":172,"column":25},"end":{"line":172,"column":47}}],"line":172}},"s":{"0":10,"1":10,"2":10,"3":10,"4":10,"5":5,"6":0,"7":10,"8":0,"9":0,"10":10,"11":17,"12":0,"13":10,"14":1,"15":0,"16":0,"17":10,"18":0,"19":17,"20":17,"21":10,"22":5,"23":5,"24":5,"25":10,"26":0,"27":10,"28":0,"29":0,"30":10,"31":0,"32":0,"33":0,"34":0,"35":0,"36":0,"37":10,"38":1,"39":10,"40":4},"f":{"0":10,"1":10,"2":5,"3":0,"4":0,"5":0,"6":17,"7":0,"8":1,"9":0,"10":0,"11":17,"12":5,"13":0,"14":0,"15":0,"16":1,"17":4},"b":{"0":[0,0],"1":[5,12],"2":[17,0],"3":[17,17],"4":[17,5],"5":[17,0],"6":[1,4],"7":[1,4],"8":[0,0],"9":[0,0]},"_coverageSchema":"43e27e138ebf9cfc5966b082cf9a028302ed4184","hash":"3e0b4ba6c0a72b3fb1a1d4c80b9e431e504f4202"}
,"/Users/joshuaclark/dev/stockdown/app/components/Camera/index.js": {"path":"/Users/joshuaclark/dev/stockdown/app/components/Camera/index.js","statementMap":{},"fnMap":{},"branchMap":{},"s":{},"f":{},"b":{},"_coverageSchema":"43e27e138ebf9cfc5966b082cf9a028302ed4184","hash":"121aa50c35efb7431388011e517b8ca93c1351d8"}
,"/Users/joshuaclark/dev/stockdown/app/components/Camera/styles.js": {"path":"/Users/joshuaclark/dev/stockdown/app/components/Camera/styles.js","statementMap":{"0":{"start":{"line":3,"column":15},"end":{"line":43,"column":2}}},"fnMap":{},"branchMap":{},"s":{"0":2},"f":{},"b":{},"_coverageSchema":"43e27e138ebf9cfc5966b082cf9a028302ed4184","hash":"596744f134e93f8ac5ab3cfee6d8a727cc3cbed2"}
,"/Users/joshuaclark/dev/stockdown/app/components/utility/SkuParser.js": {"path":"/Users/joshuaclark/dev/stockdown/app/components/utility/SkuParser.js","statementMap":{"0":{"start":{"line":2,"column":22},"end":{"line":2,"column":28}},"1":{"start":{"line":4,"column":30},"end":{"line":35,"column":3}},"2":{"start":{"line":7,"column":20},"end":{"line":7,"column":22}},"3":{"start":{"line":8,"column":10},"end":{"line":8,"column":46}},"4":{"start":{"line":9,"column":10},"end":{"line":11,"column":11}},"5":{"start":{"line":10,"column":18},"end":{"line":10,"column":31}},"6":{"start":{"line":14,"column":10},"end":{"line":34,"column":11}},"7":{"start":{"line":16,"column":18},"end":{"line":16,"column":56}},"8":{"start":{"line":17,"column":18},"end":{"line":17,"column":57}},"9":{"start":{"line":18,"column":18},"end":{"line":18,"column":54}},"10":{"start":{"line":20,"column":18},"end":{"line":22,"column":40}},"11":{"start":{"line":25,"column":17},"end":{"line":34,"column":11}},"12":{"start":{"line":27,"column":18},"end":{"line":27,"column":56}},"13":{"start":{"line":28,"column":18},"end":{"line":28,"column":54}},"14":{"start":{"line":30,"column":18},"end":{"line":31,"column":41}},"15":{"start":{"line":33,"column":18},"end":{"line":33,"column":31}},"16":{"start":{"line":37,"column":2},"end":{"line":52,"column":4}},"17":{"start":{"line":38,"column":14},"end":{"line":38,"column":16}},"18":{"start":{"line":39,"column":4},"end":{"line":41,"column":5}},"19":{"start":{"line":40,"column":6},"end":{"line":40,"column":19}},"20":{"start":{"line":43,"column":4},"end":{"line":43,"column":47}},"21":{"start":{"line":45,"column":4},"end":{"line":45,"column":43}},"22":{"start":{"line":47,"column":4},"end":{"line":49,"column":5}},"23":{"start":{"line":48,"column":12},"end":{"line":48,"column":23}},"24":{"start":{"line":50,"column":4},"end":{"line":50,"column":50}},"25":{"start":{"line":51,"column":4},"end":{"line":51,"column":17}}},"fnMap":{"0":{"name":"(anonymous_0)","decl":{"start":{"line":4,"column":30},"end":{"line":4,"column":31}},"loc":{"start":{"line":4,"column":47},"end":{"line":35,"column":3}},"line":4},"1":{"name":"(anonymous_1)","decl":{"start":{"line":37,"column":21},"end":{"line":37,"column":22}},"loc":{"start":{"line":37,"column":38},"end":{"line":52,"column":3}},"line":37}},"branchMap":{"0":{"loc":{"start":{"line":9,"column":10},"end":{"line":11,"column":11}},"type":"if","locations":[{"start":{"line":9,"column":10},"end":{"line":11,"column":11}},{"start":{"line":9,"column":10},"end":{"line":11,"column":11}}],"line":9},"1":{"loc":{"start":{"line":14,"column":10},"end":{"line":34,"column":11}},"type":"if","locations":[{"start":{"line":14,"column":10},"end":{"line":34,"column":11}},{"start":{"line":14,"column":10},"end":{"line":34,"column":11}}],"line":14},"2":{"loc":{"start":{"line":25,"column":17},"end":{"line":34,"column":11}},"type":"if","locations":[{"start":{"line":25,"column":17},"end":{"line":34,"column":11}},{"start":{"line":25,"column":17},"end":{"line":34,"column":11}}],"line":25},"3":{"loc":{"start":{"line":39,"column":4},"end":{"line":41,"column":5}},"type":"if","locations":[{"start":{"line":39,"column":4},"end":{"line":41,"column":5}},{"start":{"line":39,"column":4},"end":{"line":41,"column":5}}],"line":39},"4":{"loc":{"start":{"line":47,"column":4},"end":{"line":49,"column":5}},"type":"if","locations":[{"start":{"line":47,"column":4},"end":{"line":49,"column":5}},{"start":{"line":47,"column":4},"end":{"line":49,"column":5}}],"line":47}},"s":{"0":2,"1":2,"2":0,"3":0,"4":0,"5":0,"6":0,"7":0,"8":0,"9":0,"10":0,"11":0,"12":0,"13":0,"14":0,"15":0,"16":2,"17":0,"18":0,"19":0,"20":0,"21":0,"22":0,"23":0,"24":0,"25":0},"f":{"0":0,"1":0},"b":{"0":[0,0],"1":[0,0],"2":[0,0],"3":[0,0],"4":[0,0]},"_coverageSchema":"43e27e138ebf9cfc5966b082cf9a028302ed4184","hash":"dcd515ec6b02e7e23116ed711948e0ddd4c27790"}
}
