TN:
SF:/Users/joshuaclark/dev/stockdown/app/Home.js
FN:20,(anonymous_0)
FN:25,(anonymous_1)
FN:37,(anonymous_2)
FNF:3
FNH:2
FNDA:7,(anonymous_0)
FNDA:1,(anonymous_1)
FNDA:0,(anonymous_2)
DA:16,6
DA:21,7
DA:22,7
DA:25,1
DA:37,1
LF:5
LH:5
BRF:0
BRH:0
end_of_record
TN:
SF:/Users/joshuaclark/dev/stockdown/app/components/index.js
FNF:0
FNH:0
LF:0
LH:0
BRF:0
BRH:0
end_of_record
TN:
SF:/Users/joshuaclark/dev/stockdown/app/components/AisleHeader/AisleHeader.js
FN:10,(anonymous_0)
FNF:1
FNH:1
FNDA:1,(anonymous_0)
DA:11,1
LF:1
LH:1
BRF:0
BRH:0
end_of_record
TN:
SF:/Users/joshuaclark/dev/stockdown/app/components/AisleHeader/index.js
FNF:0
FNH:0
LF:0
LH:0
BRF:0
BRH:0
end_of_record
TN:
SF:/Users/joshuaclark/dev/stockdown/app/components/AisleHeader/styles.js
FNF:0
FNH:0
DA:3,2
LF:1
LH:1
BRF:0
BRH:0
end_of_record
TN:
SF:/Users/joshuaclark/dev/stockdown/app/components/Barcodes/Barcodes.js
FN:14,(anonymous_0)
FN:20,(anonymous_1)
FN:22,(anonymous_2)
FN:32,(anonymous_3)
FN:37,(anonymous_4)
FN:41,(anonymous_5)
FN:42,(anonymous_6)
FN:49,(anonymous_7)
FN:56,(anonymous_8)
FN:65,(anonymous_9)
FN:67,(anonymous_10)
FN:71,(anonymous_11)
FN:76,(anonymous_12)
FN:77,(anonymous_13)
FN:81,(anonymous_14)
FN:92,(anonymous_15)
FN:96,(anonymous_16)
FN:109,(anonymous_17)
FN:114,(anonymous_18)
FNF:19
FNH:3
FNDA:0,(anonymous_0)
FNDA:0,(anonymous_1)
FNDA:0,(anonymous_2)
FNDA:0,(anonymous_3)
FNDA:0,(anonymous_4)
FNDA:1,(anonymous_5)
FNDA:0,(anonymous_6)
FNDA:0,(anonymous_7)
FNDA:0,(anonymous_8)
FNDA:0,(anonymous_9)
FNDA:0,(anonymous_10)
FNDA:0,(anonymous_11)
FNDA:0,(anonymous_12)
FNDA:0,(anonymous_13)
FNDA:0,(anonymous_14)
FNDA:0,(anonymous_15)
FNDA:1,(anonymous_16)
FNDA:1,(anonymous_17)
FNDA:0,(anonymous_18)
DA:6,2
DA:9,1
DA:14,1
DA:15,0
DA:16,0
DA:19,0
DA:21,0
DA:22,0
DA:23,0
DA:32,1
DA:33,0
DA:34,0
DA:37,1
DA:38,0
DA:42,1
DA:43,0
DA:50,0
DA:51,0
DA:52,0
DA:56,1
DA:57,0
DA:66,0
DA:68,0
DA:71,0
DA:73,0
DA:76,1
DA:77,0
DA:78,0
DA:82,0
DA:83,0
DA:89,0
DA:92,1
DA:93,0
DA:97,1
DA:98,1
DA:110,1
DA:114,0
LF:37
LH:12
BRDA:15,0,0,0
BRDA:15,0,1,0
BRDA:34,1,0,0
BRDA:34,1,1,0
BRDA:50,2,0,0
BRDA:50,2,1,0
BRDA:89,3,0,0
BRDA:89,3,1,0
BRF:8
BRH:0
end_of_record
TN:
SF:/Users/joshuaclark/dev/stockdown/app/components/Barcodes/index.js
FNF:0
FNH:0
LF:0
LH:0
BRF:0
BRH:0
end_of_record
TN:
SF:/Users/joshuaclark/dev/stockdown/app/components/Barcodes/styles.js
FNF:0
FNH:0
DA:3,2
LF:1
LH:1
BRF:0
BRH:0
end_of_record
TN:
SF:/Users/joshuaclark/dev/stockdown/app/components/Camera/Camera.js
FN:20,(anonymous_0)
FN:28,(anonymous_1)
FN:32,(anonymous_2)
FN:34,(anonymous_3)
FN:38,(anonymous_4)
FN:55,(anonymous_5)
FN:61,(anonymous_6)
FN:69,(anonymous_7)
FN:73,(anonymous_8)
FN:90,(anonymous_9)
FN:100,(anonymous_10)
FN:122,(anonymous_11)
FN:141,(anonymous_12)
FN:156,(anonymous_13)
FN:158,(anonymous_14)
FN:164,(anonymous_15)
FN:175,(anonymous_16)
FN:176,(anonymous_17)
FNF:18
FNH:9
FNDA:10,(anonymous_0)
FNDA:10,(anonymous_1)
FNDA:5,(anonymous_2)
FNDA:0,(anonymous_3)
FNDA:0,(anonymous_4)
FNDA:0,(anonymous_5)
FNDA:17,(anonymous_6)
FNDA:0,(anonymous_7)
FNDA:1,(anonymous_8)
FNDA:0,(anonymous_9)
FNDA:0,(anonymous_10)
FNDA:17,(anonymous_11)
FNDA:5,(anonymous_12)
FNDA:0,(anonymous_13)
FNDA:0,(anonymous_14)
FNDA:0,(anonymous_15)
FNDA:1,(anonymous_16)
FNDA:4,(anonymous_17)
DA:10,10
DA:21,10
DA:22,10
DA:29,10
DA:32,10
DA:33,5
DA:34,0
DA:38,10
DA:39,0
DA:55,0
DA:61,10
DA:62,17
DA:69,0
DA:73,10
DA:74,1
DA:91,0
DA:92,0
DA:100,10
DA:101,0
DA:123,17
DA:124,17
DA:141,10
DA:142,5
DA:146,5
DA:150,5
DA:156,10
DA:158,10
DA:159,0
DA:160,0
DA:164,10
DA:165,0
DA:166,0
DA:168,0
DA:169,0
DA:170,0
DA:172,0
DA:175,10
DA:176,10
LF:38
LH:23
BRDA:92,0,0,0
BRDA:92,0,1,0
BRDA:129,1,0,5
BRDA:129,1,1,12
BRDA:131,2,0,17
BRDA:131,2,1,0
BRDA:134,3,0,17
BRDA:134,3,1,17
BRDA:135,4,0,17
BRDA:135,4,1,5
BRDA:136,5,0,17
BRDA:136,5,1,0
BRDA:147,6,0,1
BRDA:147,6,1,4
BRDA:150,7,0,1
BRDA:150,7,1,4
BRDA:165,8,0,0
BRDA:165,8,1,0
BRDA:172,9,0,0
BRDA:172,9,1,0
BRF:20
BRH:12
end_of_record
TN:
SF:/Users/joshuaclark/dev/stockdown/app/components/Camera/index.js
FNF:0
FNH:0
LF:0
LH:0
BRF:0
BRH:0
end_of_record
TN:
SF:/Users/joshuaclark/dev/stockdown/app/components/Camera/styles.js
FNF:0
FNH:0
DA:3,2
LF:1
LH:1
BRF:0
BRH:0
end_of_record
TN:
SF:/Users/joshuaclark/dev/stockdown/app/components/utility/SkuParser.js
FN:4,(anonymous_0)
FN:37,(anonymous_1)
FNF:2
FNH:0
FNDA:0,(anonymous_0)
FNDA:0,(anonymous_1)
DA:2,2
DA:4,2
DA:7,0
DA:8,0
DA:9,0
DA:10,0
DA:14,0
DA:16,0
DA:17,0
DA:18,0
DA:20,0
DA:25,0
DA:27,0
DA:28,0
DA:30,0
DA:33,0
DA:37,2
DA:38,0
DA:39,0
DA:40,0
DA:43,0
DA:45,0
DA:47,0
DA:48,0
DA:50,0
DA:51,0
LF:26
LH:3
BRDA:9,0,0,0
BRDA:9,0,1,0
BRDA:14,1,0,0
BRDA:14,1,1,0
BRDA:25,2,0,0
BRDA:25,2,1,0
BRDA:39,3,0,0
BRDA:39,3,1,0
BRDA:47,4,0,0
BRDA:47,4,1,0
BRF:10
BRH:0
end_of_record
